2022-04-05 00:49:08.810  INFO 24904 --- [RMI TCP Connection(2)-127.0.0.1] inMXBeanRegistrar$SpringApplicationAdmin : Application shutdown requested.
2022-04-05 00:49:09.088  INFO 24904 --- [RMI TCP Connection(2)-127.0.0.1] o.s.s.concurrent.ThreadPoolTaskExecutor  : Shutting down ExecutorService 'applicationTaskExecutor'
2022-04-05 00:49:09.104  INFO 24904 --- [RMI TCP Connection(2)-127.0.0.1] j.LocalContainerEntityManagerFactoryBean : Closing JPA EntityManagerFactory for persistence unit 'default'
2022-04-05 00:49:09.167  INFO 24904 --- [RMI TCP Connection(2)-127.0.0.1] com.zaxxer.hikari.HikariDataSource       : HikariPool-1 - Shutdown initiated...
2022-04-05 00:49:09.182  INFO 24904 --- [RMI TCP Connection(2)-127.0.0.1] com.zaxxer.hikari.HikariDataSource       : HikariPool-1 - Shutdown completed.
2022-04-05 01:37:08.810  INFO 22840 --- [main] tn.esprit.spring.EmployeTest             : Starting EmployeTest on LAPTOP-1HKPJ135 with PID 22840 (started by ghaith khiari in C:\Users\21629\Documents\workspace-sts-3.8.4.RELEASE\DEVOPS\devOps\Timesheet-spring-boot-core-data-jpa-mvc-REST-1)
2022-04-05 01:37:08.810  INFO 22840 --- [main] tn.esprit.spring.EmployeTest             : No active profile set, falling back to default profiles: default
2022-04-05 01:37:10.023  INFO 22840 --- [main] .s.d.r.c.RepositoryConfigurationDelegate : Bootstrapping Spring Data repositories in DEFAULT mode.
2022-04-05 01:37:10.273  INFO 22840 --- [main] .s.d.r.c.RepositoryConfigurationDelegate : Finished Spring Data repository scanning in 223ms. Found 6 repository interfaces.
2022-04-05 01:37:10.962  INFO 22840 --- [main] trationDelegate$BeanPostProcessorChecker : Bean 'org.springframework.transaction.annotation.ProxyTransactionManagementConfiguration' of type [org.springframework.transaction.annotation.ProxyTransactionManagementConfiguration$$EnhancerBySpringCGLIB$$3fc5dd4e] is not eligible for getting processed by all BeanPostProcessors (for example: not eligible for auto-proxying)
2022-04-05 01:37:11.361  INFO 22840 --- [main] com.zaxxer.hikari.HikariDataSource       : HikariPool-1 - Starting...
2022-04-05 01:37:11.719  INFO 22840 --- [main] com.zaxxer.hikari.HikariDataSource       : HikariPool-1 - Start completed.
2022-04-05 01:37:11.873  INFO 22840 --- [main] o.hibernate.jpa.internal.util.LogHelper  : HHH000204: Processing PersistenceUnitInfo [
	name: default
	...]
2022-04-05 01:37:12.050  INFO 22840 --- [main] org.hibernate.Version                    : HHH000412: Hibernate Core {5.3.9.Final}
2022-04-05 01:37:12.050  INFO 22840 --- [main] org.hibernate.cfg.Environment            : HHH000206: hibernate.properties not found
2022-04-05 01:37:12.381  INFO 22840 --- [main] o.hibernate.annotations.common.Version   : HCANN000001: Hibernate Commons Annotations {5.0.4.Final}
2022-04-05 01:37:13.052  INFO 22840 --- [main] org.hibernate.dialect.Dialect            : HHH000400: Using dialect: org.hibernate.dialect.MySQL5Dialect
2022-04-05 01:37:14.002  INFO 22840 --- [main] org.hibernate.tuple.PojoInstantiator     : HHH000182: No default (no-argument) constructor for class: tn.esprit.spring.entities.Contrat (class must be instantiated by Interceptor)
2022-04-05 01:37:15.463  INFO 22840 --- [main] j.LocalContainerEntityManagerFactoryBean : Initialized JPA EntityManagerFactory for persistence unit 'default'
2022-04-05 01:37:16.104  INFO 22840 --- [main] o.h.h.i.QueryTranslatorFactoryInitiator  : HHH000397: Using ASTQueryTranslatorFactory
2022-04-05 01:37:18.215  INFO 22840 --- [main] o.s.s.concurrent.ThreadPoolTaskExecutor  : Initializing ExecutorService 'applicationTaskExecutor'
2022-04-05 01:37:18.365  WARN 22840 --- [main] aWebConfiguration$JpaWebMvcConfiguration : spring.jpa.open-in-view is enabled by default. Therefore, database queries may be performed during view rendering. Explicitly configure spring.jpa.open-in-view to disable this warning
2022-04-05 01:37:19.180  INFO 22840 --- [main] tn.esprit.spring.EmployeTest             : Started EmployeTest in 10.895 seconds (JVM running for 12.531)
2022-04-05 01:37:19.932  INFO 22840 --- [Thread-2] o.s.s.concurrent.ThreadPoolTaskExecutor  : Shutting down ExecutorService 'applicationTaskExecutor'
2022-04-05 01:37:19.937  INFO 22840 --- [Thread-2] j.LocalContainerEntityManagerFactoryBean : Closing JPA EntityManagerFactory for persistence unit 'default'
2022-04-05 01:37:19.943  INFO 22840 --- [Thread-2] com.zaxxer.hikari.HikariDataSource       : HikariPool-1 - Shutdown initiated...
2022-04-05 01:37:19.954  INFO 22840 --- [Thread-2] com.zaxxer.hikari.HikariDataSource       : HikariPool-1 - Shutdown completed.
2022-04-05 01:41:31.134  INFO 21032 --- [main] tn.esprit.spring.EmployeTest             : Starting EmployeTest on LAPTOP-1HKPJ135 with PID 21032 (started by ghaith khiari in C:\Users\21629\Documents\workspace-sts-3.8.4.RELEASE\DEVOPS\devOps\Timesheet-spring-boot-core-data-jpa-mvc-REST-1)
2022-04-05 01:41:31.134  INFO 21032 --- [main] tn.esprit.spring.EmployeTest             : No active profile set, falling back to default profiles: default
2022-04-05 01:41:32.272  INFO 21032 --- [main] .s.d.r.c.RepositoryConfigurationDelegate : Bootstrapping Spring Data repositories in DEFAULT mode.
2022-04-05 01:41:32.476  INFO 21032 --- [main] .s.d.r.c.RepositoryConfigurationDelegate : Finished Spring Data repository scanning in 181ms. Found 6 repository interfaces.
2022-04-05 01:41:33.177  INFO 21032 --- [main] trationDelegate$BeanPostProcessorChecker : Bean 'org.springframework.transaction.annotation.ProxyTransactionManagementConfiguration' of type [org.springframework.transaction.annotation.ProxyTransactionManagementConfiguration$$EnhancerBySpringCGLIB$$5d52d17c] is not eligible for getting processed by all BeanPostProcessors (for example: not eligible for auto-proxying)
2022-04-05 01:41:33.555  INFO 21032 --- [main] com.zaxxer.hikari.HikariDataSource       : HikariPool-1 - Starting...
2022-04-05 01:41:33.931  INFO 21032 --- [main] com.zaxxer.hikari.HikariDataSource       : HikariPool-1 - Start completed.
2022-04-05 01:41:34.076  INFO 21032 --- [main] o.hibernate.jpa.internal.util.LogHelper  : HHH000204: Processing PersistenceUnitInfo [
	name: default
	...]
2022-04-05 01:41:34.204  INFO 21032 --- [main] org.hibernate.Version                    : HHH000412: Hibernate Core {5.3.9.Final}
2022-04-05 01:41:34.204  INFO 21032 --- [main] org.hibernate.cfg.Environment            : HHH000206: hibernate.properties not found
2022-04-05 01:41:34.556  INFO 21032 --- [main] o.hibernate.annotations.common.Version   : HCANN000001: Hibernate Commons Annotations {5.0.4.Final}
2022-04-05 01:41:35.292  INFO 21032 --- [main] org.hibernate.dialect.Dialect            : HHH000400: Using dialect: org.hibernate.dialect.MySQL5Dialect
2022-04-05 01:41:36.167  INFO 21032 --- [main] org.hibernate.tuple.PojoInstantiator     : HHH000182: No default (no-argument) constructor for class: tn.esprit.spring.entities.Contrat (class must be instantiated by Interceptor)
2022-04-05 01:41:37.349  INFO 21032 --- [main] j.LocalContainerEntityManagerFactoryBean : Initialized JPA EntityManagerFactory for persistence unit 'default'
2022-04-05 01:41:37.995  INFO 21032 --- [main] o.h.h.i.QueryTranslatorFactoryInitiator  : HHH000397: Using ASTQueryTranslatorFactory
2022-04-05 01:41:40.010  INFO 21032 --- [main] o.s.s.concurrent.ThreadPoolTaskExecutor  : Initializing ExecutorService 'applicationTaskExecutor'
2022-04-05 01:41:40.131  WARN 21032 --- [main] aWebConfiguration$JpaWebMvcConfiguration : spring.jpa.open-in-view is enabled by default. Therefore, database queries may be performed during view rendering. Explicitly configure spring.jpa.open-in-view to disable this warning
2022-04-05 01:41:41.046  INFO 21032 --- [main] tn.esprit.spring.EmployeTest             : Started EmployeTest in 10.4 seconds (JVM running for 11.922)
2022-04-05 01:41:41.650  INFO 21032 --- [Thread-2] o.s.s.concurrent.ThreadPoolTaskExecutor  : Shutting down ExecutorService 'applicationTaskExecutor'
2022-04-05 01:41:41.655  INFO 21032 --- [Thread-2] j.LocalContainerEntityManagerFactoryBean : Closing JPA EntityManagerFactory for persistence unit 'default'
2022-04-05 01:41:41.660  INFO 21032 --- [Thread-2] com.zaxxer.hikari.HikariDataSource       : HikariPool-1 - Shutdown initiated...
2022-04-05 01:41:41.670  INFO 21032 --- [Thread-2] com.zaxxer.hikari.HikariDataSource       : HikariPool-1 - Shutdown completed.
2022-04-05 01:42:19.442  INFO 20820 --- [main] tn.esprit.spring.EmployeTest             : Starting EmployeTest on LAPTOP-1HKPJ135 with PID 20820 (started by ghaith khiari in C:\Users\21629\Documents\workspace-sts-3.8.4.RELEASE\DEVOPS\devOps\Timesheet-spring-boot-core-data-jpa-mvc-REST-1)
2022-04-05 01:42:19.449  INFO 20820 --- [main] tn.esprit.spring.EmployeTest             : No active profile set, falling back to default profiles: default
2022-04-05 01:42:20.544  INFO 20820 --- [main] .s.d.r.c.RepositoryConfigurationDelegate : Bootstrapping Spring Data repositories in DEFAULT mode.
2022-04-05 01:42:20.722  INFO 20820 --- [main] .s.d.r.c.RepositoryConfigurationDelegate : Finished Spring Data repository scanning in 162ms. Found 6 repository interfaces.
2022-04-05 01:42:21.406  INFO 20820 --- [main] trationDelegate$BeanPostProcessorChecker : Bean 'org.springframework.transaction.annotation.ProxyTransactionManagementConfiguration' of type [org.springframework.transaction.annotation.ProxyTransactionManagementConfiguration$$EnhancerBySpringCGLIB$$b712b05c] is not eligible for getting processed by all BeanPostProcessors (for example: not eligible for auto-proxying)
2022-04-05 01:42:21.778  INFO 20820 --- [main] com.zaxxer.hikari.HikariDataSource       : HikariPool-1 - Starting...
2022-04-05 01:42:22.083  INFO 20820 --- [main] com.zaxxer.hikari.HikariDataSource       : HikariPool-1 - Start completed.
2022-04-05 01:42:22.373  INFO 20820 --- [main] o.hibernate.jpa.internal.util.LogHelper  : HHH000204: Processing PersistenceUnitInfo [
	name: default
	...]
2022-04-05 01:42:22.502  INFO 20820 --- [main] org.hibernate.Version                    : HHH000412: Hibernate Core {5.3.9.Final}
2022-04-05 01:42:22.510  INFO 20820 --- [main] org.hibernate.cfg.Environment            : HHH000206: hibernate.properties not found
2022-04-05 01:42:22.887  INFO 20820 --- [main] o.hibernate.annotations.common.Version   : HCANN000001: Hibernate Commons Annotations {5.0.4.Final}
2022-04-05 01:42:23.634  INFO 20820 --- [main] org.hibernate.dialect.Dialect            : HHH000400: Using dialect: org.hibernate.dialect.MySQL5Dialect
2022-04-05 01:42:24.524  INFO 20820 --- [main] org.hibernate.tuple.PojoInstantiator     : HHH000182: No default (no-argument) constructor for class: tn.esprit.spring.entities.Contrat (class must be instantiated by Interceptor)
2022-04-05 01:42:25.763  INFO 20820 --- [main] j.LocalContainerEntityManagerFactoryBean : Initialized JPA EntityManagerFactory for persistence unit 'default'
2022-04-05 01:42:26.364  INFO 20820 --- [main] o.h.h.i.QueryTranslatorFactoryInitiator  : HHH000397: Using ASTQueryTranslatorFactory
2022-04-05 01:42:28.084  INFO 20820 --- [main] o.s.s.concurrent.ThreadPoolTaskExecutor  : Initializing ExecutorService 'applicationTaskExecutor'
2022-04-05 01:42:28.226  WARN 20820 --- [main] aWebConfiguration$JpaWebMvcConfiguration : spring.jpa.open-in-view is enabled by default. Therefore, database queries may be performed during view rendering. Explicitly configure spring.jpa.open-in-view to disable this warning
2022-04-05 01:42:29.119  INFO 20820 --- [main] tn.esprit.spring.EmployeTest             : Started EmployeTest in 10.103 seconds (JVM running for 11.588)
2022-04-05 01:42:29.680  INFO 20820 --- [Thread-2] o.s.s.concurrent.ThreadPoolTaskExecutor  : Shutting down ExecutorService 'applicationTaskExecutor'
2022-04-05 01:42:29.688  INFO 20820 --- [Thread-2] j.LocalContainerEntityManagerFactoryBean : Closing JPA EntityManagerFactory for persistence unit 'default'
2022-04-05 01:42:29.692  INFO 20820 --- [Thread-2] com.zaxxer.hikari.HikariDataSource       : HikariPool-1 - Shutdown initiated...
2022-04-05 01:42:29.704  INFO 20820 --- [Thread-2] com.zaxxer.hikari.HikariDataSource       : HikariPool-1 - Shutdown completed.
2022-04-05 01:45:55.216  INFO 29008 --- [main] tn.esprit.spring.EmployeTest             : Starting EmployeTest on LAPTOP-1HKPJ135 with PID 29008 (started by ghaith khiari in C:\Users\21629\Documents\workspace-sts-3.8.4.RELEASE\DEVOPS\devOps\Timesheet-spring-boot-core-data-jpa-mvc-REST-1)
2022-04-05 01:45:55.220  INFO 29008 --- [main] tn.esprit.spring.EmployeTest             : No active profile set, falling back to default profiles: default
2022-04-05 01:45:56.346  INFO 29008 --- [main] .s.d.r.c.RepositoryConfigurationDelegate : Bootstrapping Spring Data repositories in DEFAULT mode.
2022-04-05 01:45:56.528  INFO 29008 --- [main] .s.d.r.c.RepositoryConfigurationDelegate : Finished Spring Data repository scanning in 159ms. Found 6 repository interfaces.
2022-04-05 01:45:57.257  INFO 29008 --- [main] trationDelegate$BeanPostProcessorChecker : Bean 'org.springframework.transaction.annotation.ProxyTransactionManagementConfiguration' of type [org.springframework.transaction.annotation.ProxyTransactionManagementConfiguration$$EnhancerBySpringCGLIB$$3fc5dd4e] is not eligible for getting processed by all BeanPostProcessors (for example: not eligible for auto-proxying)
2022-04-05 01:45:57.724  INFO 29008 --- [main] com.zaxxer.hikari.HikariDataSource       : HikariPool-1 - Starting...
2022-04-05 01:45:58.076  INFO 29008 --- [main] com.zaxxer.hikari.HikariDataSource       : HikariPool-1 - Start completed.
2022-04-05 01:45:58.213  INFO 29008 --- [main] o.hibernate.jpa.internal.util.LogHelper  : HHH000204: Processing PersistenceUnitInfo [
	name: default
	...]
2022-04-05 01:45:58.365  INFO 29008 --- [main] org.hibernate.Version                    : HHH000412: Hibernate Core {5.3.9.Final}
2022-04-05 01:45:58.365  INFO 29008 --- [main] org.hibernate.cfg.Environment            : HHH000206: hibernate.properties not found
2022-04-05 01:45:58.672  INFO 29008 --- [main] o.hibernate.annotations.common.Version   : HCANN000001: Hibernate Commons Annotations {5.0.4.Final}
2022-04-05 01:45:59.339  INFO 29008 --- [main] org.hibernate.dialect.Dialect            : HHH000400: Using dialect: org.hibernate.dialect.MySQL5Dialect
2022-04-05 01:46:00.254  INFO 29008 --- [main] org.hibernate.tuple.PojoInstantiator     : HHH000182: No default (no-argument) constructor for class: tn.esprit.spring.entities.Contrat (class must be instantiated by Interceptor)
2022-04-05 01:46:01.393  INFO 29008 --- [main] j.LocalContainerEntityManagerFactoryBean : Initialized JPA EntityManagerFactory for persistence unit 'default'
2022-04-05 01:46:02.000  INFO 29008 --- [main] o.h.h.i.QueryTranslatorFactoryInitiator  : HHH000397: Using ASTQueryTranslatorFactory
2022-04-05 01:46:04.091  INFO 29008 --- [main] o.s.s.concurrent.ThreadPoolTaskExecutor  : Initializing ExecutorService 'applicationTaskExecutor'
2022-04-05 01:46:04.241  WARN 29008 --- [main] aWebConfiguration$JpaWebMvcConfiguration : spring.jpa.open-in-view is enabled by default. Therefore, database queries may be performed during view rendering. Explicitly configure spring.jpa.open-in-view to disable this warning
2022-04-05 01:46:05.213  INFO 29008 --- [main] tn.esprit.spring.EmployeTest             : Started EmployeTest in 10.459 seconds (JVM running for 12.063)
2022-04-05 01:46:05.830  INFO 29008 --- [Thread-2] o.s.s.concurrent.ThreadPoolTaskExecutor  : Shutting down ExecutorService 'applicationTaskExecutor'
2022-04-05 01:46:05.838  INFO 29008 --- [Thread-2] j.LocalContainerEntityManagerFactoryBean : Closing JPA EntityManagerFactory for persistence unit 'default'
2022-04-05 01:46:05.841  INFO 29008 --- [Thread-2] com.zaxxer.hikari.HikariDataSource       : HikariPool-1 - Shutdown initiated...
2022-04-05 01:46:05.854  INFO 29008 --- [Thread-2] com.zaxxer.hikari.HikariDataSource       : HikariPool-1 - Shutdown completed.
2022-04-05 01:57:41.612  INFO 28648 --- [main] tn.esprit.spring.EmployeTest             : Starting EmployeTest on LAPTOP-1HKPJ135 with PID 28648 (started by ghaith khiari in C:\Users\21629\Documents\workspace-sts-3.8.4.RELEASE\DEVOPS\devOps\Timesheet-spring-boot-core-data-jpa-mvc-REST-1)
2022-04-05 01:57:41.612  INFO 28648 --- [main] tn.esprit.spring.EmployeTest             : No active profile set, falling back to default profiles: default
2022-04-05 01:57:42.873  INFO 28648 --- [main] .s.d.r.c.RepositoryConfigurationDelegate : Bootstrapping Spring Data repositories in DEFAULT mode.
2022-04-05 01:57:43.167  INFO 28648 --- [main] .s.d.r.c.RepositoryConfigurationDelegate : Finished Spring Data repository scanning in 269ms. Found 6 repository interfaces.
2022-04-05 01:57:43.994  INFO 28648 --- [main] trationDelegate$BeanPostProcessorChecker : Bean 'org.springframework.transaction.annotation.ProxyTransactionManagementConfiguration' of type [org.springframework.transaction.annotation.ProxyTransactionManagementConfiguration$$EnhancerBySpringCGLIB$$2e988060] is not eligible for getting processed by all BeanPostProcessors (for example: not eligible for auto-proxying)
2022-04-05 01:57:44.448  INFO 28648 --- [main] com.zaxxer.hikari.HikariDataSource       : HikariPool-1 - Starting...
2022-04-05 01:57:44.839  INFO 28648 --- [main] com.zaxxer.hikari.HikariDataSource       : HikariPool-1 - Start completed.
2022-04-05 01:57:45.005  INFO 28648 --- [main] o.hibernate.jpa.internal.util.LogHelper  : HHH000204: Processing PersistenceUnitInfo [
	name: default
	...]
2022-04-05 01:57:45.205  INFO 28648 --- [main] org.hibernate.Version                    : HHH000412: Hibernate Core {5.3.9.Final}
2022-04-05 01:57:45.205  INFO 28648 --- [main] org.hibernate.cfg.Environment            : HHH000206: hibernate.properties not found
2022-04-05 01:57:45.668  INFO 28648 --- [main] o.hibernate.annotations.common.Version   : HCANN000001: Hibernate Commons Annotations {5.0.4.Final}
2022-04-05 01:57:46.445  INFO 28648 --- [main] org.hibernate.dialect.Dialect            : HHH000400: Using dialect: org.hibernate.dialect.MySQL5Dialect
2022-04-05 01:57:47.542  INFO 28648 --- [main] org.hibernate.tuple.PojoInstantiator     : HHH000182: No default (no-argument) constructor for class: tn.esprit.spring.entities.Contrat (class must be instantiated by Interceptor)
2022-04-05 01:57:48.831  INFO 28648 --- [main] j.LocalContainerEntityManagerFactoryBean : Initialized JPA EntityManagerFactory for persistence unit 'default'
2022-04-05 01:57:49.532  INFO 28648 --- [main] o.h.h.i.QueryTranslatorFactoryInitiator  : HHH000397: Using ASTQueryTranslatorFactory
2022-04-05 01:57:52.106  INFO 28648 --- [main] o.s.s.concurrent.ThreadPoolTaskExecutor  : Initializing ExecutorService 'applicationTaskExecutor'
2022-04-05 01:57:52.266  WARN 28648 --- [main] aWebConfiguration$JpaWebMvcConfiguration : spring.jpa.open-in-view is enabled by default. Therefore, database queries may be performed during view rendering. Explicitly configure spring.jpa.open-in-view to disable this warning
2022-04-05 01:57:53.287  INFO 28648 --- [main] tn.esprit.spring.EmployeTest             : Started EmployeTest in 12.168 seconds (JVM running for 15.516)
2022-04-05 01:57:53.964  INFO 28648 --- [Thread-2] o.s.s.concurrent.ThreadPoolTaskExecutor  : Shutting down ExecutorService 'applicationTaskExecutor'
2022-04-05 01:57:53.964  INFO 28648 --- [Thread-2] j.LocalContainerEntityManagerFactoryBean : Closing JPA EntityManagerFactory for persistence unit 'default'
2022-04-05 01:57:53.973  INFO 28648 --- [Thread-2] com.zaxxer.hikari.HikariDataSource       : HikariPool-1 - Shutdown initiated...
2022-04-05 01:57:53.984  INFO 28648 --- [Thread-2] com.zaxxer.hikari.HikariDataSource       : HikariPool-1 - Shutdown completed.
2022-04-05 02:00:23.344  INFO 28008 --- [main] tn.esprit.spring.EmployeTest             : Starting EmployeTest on LAPTOP-1HKPJ135 with PID 28008 (started by ghaith khiari in C:\Users\21629\Documents\workspace-sts-3.8.4.RELEASE\DEVOPS\devOps\Timesheet-spring-boot-core-data-jpa-mvc-REST-1)
2022-04-05 02:00:23.346  INFO 28008 --- [main] tn.esprit.spring.EmployeTest             : No active profile set, falling back to default profiles: default
2022-04-05 02:00:24.436  INFO 28008 --- [main] .s.d.r.c.RepositoryConfigurationDelegate : Bootstrapping Spring Data repositories in DEFAULT mode.
2022-04-05 02:00:24.630  INFO 28008 --- [main] .s.d.r.c.RepositoryConfigurationDelegate : Finished Spring Data repository scanning in 179ms. Found 6 repository interfaces.
2022-04-05 02:00:25.343  INFO 28008 --- [main] trationDelegate$BeanPostProcessorChecker : Bean 'org.springframework.transaction.annotation.ProxyTransactionManagementConfiguration' of type [org.springframework.transaction.annotation.ProxyTransactionManagementConfiguration$$EnhancerBySpringCGLIB$$71a96361] is not eligible for getting processed by all BeanPostProcessors (for example: not eligible for auto-proxying)
2022-04-05 02:00:25.777  INFO 28008 --- [main] com.zaxxer.hikari.HikariDataSource       : HikariPool-1 - Starting...
2022-04-05 02:00:26.129  INFO 28008 --- [main] com.zaxxer.hikari.HikariDataSource       : HikariPool-1 - Start completed.
2022-04-05 02:00:26.272  INFO 28008 --- [main] o.hibernate.jpa.internal.util.LogHelper  : HHH000204: Processing PersistenceUnitInfo [
	name: default
	...]
2022-04-05 02:00:26.428  INFO 28008 --- [main] org.hibernate.Version                    : HHH000412: Hibernate Core {5.3.9.Final}
2022-04-05 02:00:26.436  INFO 28008 --- [main] org.hibernate.cfg.Environment            : HHH000206: hibernate.properties not found
2022-04-05 02:00:26.750  INFO 28008 --- [main] o.hibernate.annotations.common.Version   : HCANN000001: Hibernate Commons Annotations {5.0.4.Final}
2022-04-05 02:00:27.434  INFO 28008 --- [main] org.hibernate.dialect.Dialect            : HHH000400: Using dialect: org.hibernate.dialect.MySQL5Dialect
2022-04-05 02:00:28.378  INFO 28008 --- [main] org.hibernate.tuple.PojoInstantiator     : HHH000182: No default (no-argument) constructor for class: tn.esprit.spring.entities.Contrat (class must be instantiated by Interceptor)
2022-04-05 02:00:29.804  INFO 28008 --- [main] j.LocalContainerEntityManagerFactoryBean : Initialized JPA EntityManagerFactory for persistence unit 'default'
2022-04-05 02:00:30.430  INFO 28008 --- [main] o.h.h.i.QueryTranslatorFactoryInitiator  : HHH000397: Using ASTQueryTranslatorFactory
2022-04-05 02:00:32.521  INFO 28008 --- [main] o.s.s.concurrent.ThreadPoolTaskExecutor  : Initializing ExecutorService 'applicationTaskExecutor'
2022-04-05 02:00:32.668  WARN 28008 --- [main] aWebConfiguration$JpaWebMvcConfiguration : spring.jpa.open-in-view is enabled by default. Therefore, database queries may be performed during view rendering. Explicitly configure spring.jpa.open-in-view to disable this warning
2022-04-05 02:00:33.543  INFO 28008 --- [main] tn.esprit.spring.EmployeTest             : Started EmployeTest in 10.642 seconds (JVM running for 12.131)
2022-04-05 02:00:34.126  INFO 28008 --- [Thread-2] o.s.s.concurrent.ThreadPoolTaskExecutor  : Shutting down ExecutorService 'applicationTaskExecutor'
2022-04-05 02:00:34.126  INFO 28008 --- [Thread-2] j.LocalContainerEntityManagerFactoryBean : Closing JPA EntityManagerFactory for persistence unit 'default'
2022-04-05 02:00:34.134  INFO 28008 --- [Thread-2] com.zaxxer.hikari.HikariDataSource       : HikariPool-1 - Shutdown initiated...
2022-04-05 02:00:34.151  INFO 28008 --- [Thread-2] com.zaxxer.hikari.HikariDataSource       : HikariPool-1 - Shutdown completed.
2022-04-05 02:05:27.952  INFO 34624 --- [main] tn.esprit.spring.EmployeTest             : Starting EmployeTest on LAPTOP-1HKPJ135 with PID 34624 (started by ghaith khiari in C:\Users\21629\Documents\workspace-sts-3.8.4.RELEASE\DEVOPS\devOps\Timesheet-spring-boot-core-data-jpa-mvc-REST-1)
2022-04-05 02:05:27.952  INFO 34624 --- [main] tn.esprit.spring.EmployeTest             : No active profile set, falling back to default profiles: default
2022-04-05 02:05:29.258  INFO 34624 --- [main] .s.d.r.c.RepositoryConfigurationDelegate : Bootstrapping Spring Data repositories in DEFAULT mode.
2022-04-05 02:05:29.445  INFO 34624 --- [main] .s.d.r.c.RepositoryConfigurationDelegate : Finished Spring Data repository scanning in 176ms. Found 6 repository interfaces.
2022-04-05 02:05:30.192  INFO 34624 --- [main] trationDelegate$BeanPostProcessorChecker : Bean 'org.springframework.transaction.annotation.ProxyTransactionManagementConfiguration' of type [org.springframework.transaction.annotation.ProxyTransactionManagementConfiguration$$EnhancerBySpringCGLIB$$4c896ee3] is not eligible for getting processed by all BeanPostProcessors (for example: not eligible for auto-proxying)
2022-04-05 02:05:30.618  INFO 34624 --- [main] com.zaxxer.hikari.HikariDataSource       : HikariPool-1 - Starting...
2022-04-05 02:05:30.976  INFO 34624 --- [main] com.zaxxer.hikari.HikariDataSource       : HikariPool-1 - Start completed.
2022-04-05 02:05:31.125  INFO 34624 --- [main] o.hibernate.jpa.internal.util.LogHelper  : HHH000204: Processing PersistenceUnitInfo [
	name: default
	...]
2022-04-05 02:05:31.253  INFO 34624 --- [main] org.hibernate.Version                    : HHH000412: Hibernate Core {5.3.9.Final}
2022-04-05 02:05:31.253  INFO 34624 --- [main] org.hibernate.cfg.Environment            : HHH000206: hibernate.properties not found
2022-04-05 02:05:31.573  INFO 34624 --- [main] o.hibernate.annotations.common.Version   : HCANN000001: Hibernate Commons Annotations {5.0.4.Final}
2022-04-05 02:05:32.449  INFO 34624 --- [main] org.hibernate.dialect.Dialect            : HHH000400: Using dialect: org.hibernate.dialect.MySQL5Dialect
2022-04-05 02:05:33.316  INFO 34624 --- [main] org.hibernate.tuple.PojoInstantiator     : HHH000182: No default (no-argument) constructor for class: tn.esprit.spring.entities.Contrat (class must be instantiated by Interceptor)
2022-04-05 02:05:34.485  INFO 34624 --- [main] j.LocalContainerEntityManagerFactoryBean : Initialized JPA EntityManagerFactory for persistence unit 'default'
2022-04-05 02:05:35.115  INFO 34624 --- [main] o.h.h.i.QueryTranslatorFactoryInitiator  : HHH000397: Using ASTQueryTranslatorFactory
2022-04-05 02:05:37.189  INFO 34624 --- [main] o.s.s.concurrent.ThreadPoolTaskExecutor  : Initializing ExecutorService 'applicationTaskExecutor'
2022-04-05 02:05:37.306  WARN 34624 --- [main] aWebConfiguration$JpaWebMvcConfiguration : spring.jpa.open-in-view is enabled by default. Therefore, database queries may be performed during view rendering. Explicitly configure spring.jpa.open-in-view to disable this warning
2022-04-05 02:05:38.218  INFO 34624 --- [main] tn.esprit.spring.EmployeTest             : Started EmployeTest in 10.719 seconds (JVM running for 12.285)
2022-04-05 02:05:38.901  INFO 34624 --- [Thread-2] o.s.s.concurrent.ThreadPoolTaskExecutor  : Shutting down ExecutorService 'applicationTaskExecutor'
2022-04-05 02:05:38.906  INFO 34624 --- [Thread-2] j.LocalContainerEntityManagerFactoryBean : Closing JPA EntityManagerFactory for persistence unit 'default'
2022-04-05 02:05:38.912  INFO 34624 --- [Thread-2] com.zaxxer.hikari.HikariDataSource       : HikariPool-1 - Shutdown initiated...
2022-04-05 02:05:38.923  INFO 34624 --- [Thread-2] com.zaxxer.hikari.HikariDataSource       : HikariPool-1 - Shutdown completed.
2022-04-05 02:07:36.767  INFO 28840 --- [main] tn.esprit.spring.EmployeTest             : Starting EmployeTest on LAPTOP-1HKPJ135 with PID 28840 (started by ghaith khiari in C:\Users\21629\Documents\workspace-sts-3.8.4.RELEASE\DEVOPS\devOps\Timesheet-spring-boot-core-data-jpa-mvc-REST-1)
2022-04-05 02:07:36.802  INFO 28840 --- [main] tn.esprit.spring.EmployeTest             : No active profile set, falling back to default profiles: default
2022-04-05 02:07:37.985  INFO 28840 --- [main] .s.d.r.c.RepositoryConfigurationDelegate : Bootstrapping Spring Data repositories in DEFAULT mode.
2022-04-05 02:07:38.166  INFO 28840 --- [main] .s.d.r.c.RepositoryConfigurationDelegate : Finished Spring Data repository scanning in 161ms. Found 6 repository interfaces.
2022-04-05 02:07:38.922  INFO 28840 --- [main] trationDelegate$BeanPostProcessorChecker : Bean 'org.springframework.transaction.annotation.ProxyTransactionManagementConfiguration' of type [org.springframework.transaction.annotation.ProxyTransactionManagementConfiguration$$EnhancerBySpringCGLIB$$4c896ee3] is not eligible for getting processed by all BeanPostProcessors (for example: not eligible for auto-proxying)
2022-04-05 02:07:39.349  INFO 28840 --- [main] com.zaxxer.hikari.HikariDataSource       : HikariPool-1 - Starting...
2022-04-05 02:07:39.742  INFO 28840 --- [main] com.zaxxer.hikari.HikariDataSource       : HikariPool-1 - Start completed.
2022-04-05 02:07:39.910  INFO 28840 --- [main] o.hibernate.jpa.internal.util.LogHelper  : HHH000204: Processing PersistenceUnitInfo [
	name: default
	...]
2022-04-05 02:07:40.052  INFO 28840 --- [main] org.hibernate.Version                    : HHH000412: Hibernate Core {5.3.9.Final}
2022-04-05 02:07:40.060  INFO 28840 --- [main] org.hibernate.cfg.Environment            : HHH000206: hibernate.properties not found
2022-04-05 02:07:40.427  INFO 28840 --- [main] o.hibernate.annotations.common.Version   : HCANN000001: Hibernate Commons Annotations {5.0.4.Final}
2022-04-05 02:07:41.238  INFO 28840 --- [main] org.hibernate.dialect.Dialect            : HHH000400: Using dialect: org.hibernate.dialect.MySQL5Dialect
2022-04-05 02:07:42.308  INFO 28840 --- [main] org.hibernate.tuple.PojoInstantiator     : HHH000182: No default (no-argument) constructor for class: tn.esprit.spring.entities.Contrat (class must be instantiated by Interceptor)
2022-04-05 02:07:43.641  INFO 28840 --- [main] j.LocalContainerEntityManagerFactoryBean : Initialized JPA EntityManagerFactory for persistence unit 'default'
2022-04-05 02:07:44.268  INFO 28840 --- [main] o.h.h.i.QueryTranslatorFactoryInitiator  : HHH000397: Using ASTQueryTranslatorFactory
2022-04-05 02:07:46.294  INFO 28840 --- [main] o.s.s.concurrent.ThreadPoolTaskExecutor  : Initializing ExecutorService 'applicationTaskExecutor'
2022-04-05 02:07:46.435  WARN 28840 --- [main] aWebConfiguration$JpaWebMvcConfiguration : spring.jpa.open-in-view is enabled by default. Therefore, database queries may be performed during view rendering. Explicitly configure spring.jpa.open-in-view to disable this warning
2022-04-05 02:07:47.332  INFO 28840 --- [main] tn.esprit.spring.EmployeTest             : Started EmployeTest in 11.024 seconds (JVM running for 12.521)
2022-04-05 02:07:47.960  INFO 28840 --- [Thread-2] o.s.s.concurrent.ThreadPoolTaskExecutor  : Shutting down ExecutorService 'applicationTaskExecutor'
2022-04-05 02:07:47.968  INFO 28840 --- [Thread-2] j.LocalContainerEntityManagerFactoryBean : Closing JPA EntityManagerFactory for persistence unit 'default'
2022-04-05 02:07:47.978  INFO 28840 --- [Thread-2] com.zaxxer.hikari.HikariDataSource       : HikariPool-1 - Shutdown initiated...
2022-04-05 02:07:47.988  INFO 28840 --- [Thread-2] com.zaxxer.hikari.HikariDataSource       : HikariPool-1 - Shutdown completed.
2022-04-05 02:10:20.345  INFO 11272 --- [main] tn.esprit.spring.EmployeTest             : Starting EmployeTest on LAPTOP-1HKPJ135 with PID 11272 (started by ghaith khiari in C:\Users\21629\Documents\workspace-sts-3.8.4.RELEASE\DEVOPS\devOps\Timesheet-spring-boot-core-data-jpa-mvc-REST-1)
2022-04-05 02:10:20.345  INFO 11272 --- [main] tn.esprit.spring.EmployeTest             : No active profile set, falling back to default profiles: default
2022-04-05 02:10:21.502  INFO 11272 --- [main] .s.d.r.c.RepositoryConfigurationDelegate : Bootstrapping Spring Data repositories in DEFAULT mode.
2022-04-05 02:10:21.705  INFO 11272 --- [main] .s.d.r.c.RepositoryConfigurationDelegate : Finished Spring Data repository scanning in 189ms. Found 6 repository interfaces.
2022-04-05 02:10:22.441  INFO 11272 --- [main] trationDelegate$BeanPostProcessorChecker : Bean 'org.springframework.transaction.annotation.ProxyTransactionManagementConfiguration' of type [org.springframework.transaction.annotation.ProxyTransactionManagementConfiguration$$EnhancerBySpringCGLIB$$b9ae83d9] is not eligible for getting processed by all BeanPostProcessors (for example: not eligible for auto-proxying)
2022-04-05 02:10:22.826  INFO 11272 --- [main] com.zaxxer.hikari.HikariDataSource       : HikariPool-1 - Starting...
2022-04-05 02:10:23.172  INFO 11272 --- [main] com.zaxxer.hikari.HikariDataSource       : HikariPool-1 - Start completed.
2022-04-05 02:10:23.337  INFO 11272 --- [main] o.hibernate.jpa.internal.util.LogHelper  : HHH000204: Processing PersistenceUnitInfo [
	name: default
	...]
2022-04-05 02:10:23.482  INFO 11272 --- [main] org.hibernate.Version                    : HHH000412: Hibernate Core {5.3.9.Final}
2022-04-05 02:10:23.482  INFO 11272 --- [main] org.hibernate.cfg.Environment            : HHH000206: hibernate.properties not found
2022-04-05 02:10:23.815  INFO 11272 --- [main] o.hibernate.annotations.common.Version   : HCANN000001: Hibernate Commons Annotations {5.0.4.Final}
2022-04-05 02:10:24.444  INFO 11272 --- [main] org.hibernate.dialect.Dialect            : HHH000400: Using dialect: org.hibernate.dialect.MySQL5Dialect
2022-04-05 02:10:25.337  INFO 11272 --- [main] org.hibernate.tuple.PojoInstantiator     : HHH000182: No default (no-argument) constructor for class: tn.esprit.spring.entities.Contrat (class must be instantiated by Interceptor)
2022-04-05 02:10:26.470  INFO 11272 --- [main] j.LocalContainerEntityManagerFactoryBean : Initialized JPA EntityManagerFactory for persistence unit 'default'
2022-04-05 02:10:27.080  INFO 11272 --- [main] o.h.h.i.QueryTranslatorFactoryInitiator  : HHH000397: Using ASTQueryTranslatorFactory
2022-04-05 02:10:29.138  INFO 11272 --- [main] o.s.s.concurrent.ThreadPoolTaskExecutor  : Initializing ExecutorService 'applicationTaskExecutor'
2022-04-05 02:10:29.294  WARN 11272 --- [main] aWebConfiguration$JpaWebMvcConfiguration : spring.jpa.open-in-view is enabled by default. Therefore, database queries may be performed during view rendering. Explicitly configure spring.jpa.open-in-view to disable this warning
2022-04-05 02:10:30.081  INFO 11272 --- [main] tn.esprit.spring.EmployeTest             : Started EmployeTest in 10.243 seconds (JVM running for 11.731)
2022-04-05 02:10:30.729  INFO 11272 --- [Thread-2] o.s.s.concurrent.ThreadPoolTaskExecutor  : Shutting down ExecutorService 'applicationTaskExecutor'
2022-04-05 02:10:30.741  INFO 11272 --- [Thread-2] j.LocalContainerEntityManagerFactoryBean : Closing JPA EntityManagerFactory for persistence unit 'default'
2022-04-05 02:10:30.745  INFO 11272 --- [Thread-2] com.zaxxer.hikari.HikariDataSource       : HikariPool-1 - Shutdown initiated...
2022-04-05 02:10:30.753  INFO 11272 --- [Thread-2] com.zaxxer.hikari.HikariDataSource       : HikariPool-1 - Shutdown completed.
2022-04-05 02:14:29.664  INFO 29716 --- [main] tn.esprit.spring.EmployeTest             : Starting EmployeTest on LAPTOP-1HKPJ135 with PID 29716 (started by ghaith khiari in C:\Users\21629\Documents\workspace-sts-3.8.4.RELEASE\DEVOPS\devOps\Timesheet-spring-boot-core-data-jpa-mvc-REST-1)
2022-04-05 02:14:29.668  INFO 29716 --- [main] tn.esprit.spring.EmployeTest             : No active profile set, falling back to default profiles: default
2022-04-05 02:14:30.760  INFO 29716 --- [main] .s.d.r.c.RepositoryConfigurationDelegate : Bootstrapping Spring Data repositories in DEFAULT mode.
2022-04-05 02:14:30.964  INFO 29716 --- [main] .s.d.r.c.RepositoryConfigurationDelegate : Finished Spring Data repository scanning in 181ms. Found 6 repository interfaces.
2022-04-05 02:14:31.684  INFO 29716 --- [main] trationDelegate$BeanPostProcessorChecker : Bean 'org.springframework.transaction.annotation.ProxyTransactionManagementConfiguration' of type [org.springframework.transaction.annotation.ProxyTransactionManagementConfiguration$$EnhancerBySpringCGLIB$$b9ae83d9] is not eligible for getting processed by all BeanPostProcessors (for example: not eligible for auto-proxying)
2022-04-05 02:14:32.074  INFO 29716 --- [main] com.zaxxer.hikari.HikariDataSource       : HikariPool-1 - Starting...
2022-04-05 02:14:32.458  INFO 29716 --- [main] com.zaxxer.hikari.HikariDataSource       : HikariPool-1 - Start completed.
2022-04-05 02:14:32.596  INFO 29716 --- [main] o.hibernate.jpa.internal.util.LogHelper  : HHH000204: Processing PersistenceUnitInfo [
	name: default
	...]
2022-04-05 02:14:32.725  INFO 29716 --- [main] org.hibernate.Version                    : HHH000412: Hibernate Core {5.3.9.Final}
2022-04-05 02:14:32.734  INFO 29716 --- [main] org.hibernate.cfg.Environment            : HHH000206: hibernate.properties not found
2022-04-05 02:14:33.044  INFO 29716 --- [main] o.hibernate.annotations.common.Version   : HCANN000001: Hibernate Commons Annotations {5.0.4.Final}
2022-04-05 02:14:33.728  INFO 29716 --- [main] org.hibernate.dialect.Dialect            : HHH000400: Using dialect: org.hibernate.dialect.MySQL5Dialect
2022-04-05 02:14:35.876  INFO 29716 --- [main] j.LocalContainerEntityManagerFactoryBean : Initialized JPA EntityManagerFactory for persistence unit 'default'
2022-04-05 02:14:36.584  INFO 29716 --- [main] o.h.h.i.QueryTranslatorFactoryInitiator  : HHH000397: Using ASTQueryTranslatorFactory
2022-04-05 02:14:38.682  INFO 29716 --- [main] o.s.s.concurrent.ThreadPoolTaskExecutor  : Initializing ExecutorService 'applicationTaskExecutor'
2022-04-05 02:14:38.823  WARN 29716 --- [main] aWebConfiguration$JpaWebMvcConfiguration : spring.jpa.open-in-view is enabled by default. Therefore, database queries may be performed during view rendering. Explicitly configure spring.jpa.open-in-view to disable this warning
2022-04-05 02:14:39.754  INFO 29716 --- [main] tn.esprit.spring.EmployeTest             : Started EmployeTest in 10.577 seconds (JVM running for 12.148)
2022-04-05 02:14:40.480  INFO 29716 --- [Thread-2] o.s.s.concurrent.ThreadPoolTaskExecutor  : Shutting down ExecutorService 'applicationTaskExecutor'
2022-04-05 02:14:40.488  INFO 29716 --- [Thread-2] j.LocalContainerEntityManagerFactoryBean : Closing JPA EntityManagerFactory for persistence unit 'default'
2022-04-05 02:14:40.488  INFO 29716 --- [Thread-2] com.zaxxer.hikari.HikariDataSource       : HikariPool-1 - Shutdown initiated...
2022-04-05 02:14:40.496  INFO 29716 --- [Thread-2] com.zaxxer.hikari.HikariDataSource       : HikariPool-1 - Shutdown completed.
2022-04-05 02:15:55.434  INFO 22200 --- [main] tn.esprit.spring.EmployeTest             : Starting EmployeTest on LAPTOP-1HKPJ135 with PID 22200 (started by ghaith khiari in C:\Users\21629\Documents\workspace-sts-3.8.4.RELEASE\DEVOPS\devOps\Timesheet-spring-boot-core-data-jpa-mvc-REST-1)
2022-04-05 02:15:55.439  INFO 22200 --- [main] tn.esprit.spring.EmployeTest             : No active profile set, falling back to default profiles: default
2022-04-05 02:15:56.533  INFO 22200 --- [main] .s.d.r.c.RepositoryConfigurationDelegate : Bootstrapping Spring Data repositories in DEFAULT mode.
2022-04-05 02:15:56.725  INFO 22200 --- [main] .s.d.r.c.RepositoryConfigurationDelegate : Finished Spring Data repository scanning in 182ms. Found 6 repository interfaces.
2022-04-05 02:15:57.519  INFO 22200 --- [main] trationDelegate$BeanPostProcessorChecker : Bean 'org.springframework.transaction.annotation.ProxyTransactionManagementConfiguration' of type [org.springframework.transaction.annotation.ProxyTransactionManagementConfiguration$$EnhancerBySpringCGLIB$$ce67fe8d] is not eligible for getting processed by all BeanPostProcessors (for example: not eligible for auto-proxying)
2022-04-05 02:15:57.909  INFO 22200 --- [main] com.zaxxer.hikari.HikariDataSource       : HikariPool-1 - Starting...
2022-04-05 02:15:58.239  INFO 22200 --- [main] com.zaxxer.hikari.HikariDataSource       : HikariPool-1 - Start completed.
2022-04-05 02:15:58.388  INFO 22200 --- [main] o.hibernate.jpa.internal.util.LogHelper  : HHH000204: Processing PersistenceUnitInfo [
	name: default
	...]
2022-04-05 02:15:58.549  INFO 22200 --- [main] org.hibernate.Version                    : HHH000412: Hibernate Core {5.3.9.Final}
2022-04-05 02:15:58.554  INFO 22200 --- [main] org.hibernate.cfg.Environment            : HHH000206: hibernate.properties not found
2022-04-05 02:15:58.890  INFO 22200 --- [main] o.hibernate.annotations.common.Version   : HCANN000001: Hibernate Commons Annotations {5.0.4.Final}
2022-04-05 02:15:59.583  INFO 22200 --- [main] org.hibernate.dialect.Dialect            : HHH000400: Using dialect: org.hibernate.dialect.MySQL5Dialect
2022-04-05 02:16:01.738  INFO 22200 --- [main] j.LocalContainerEntityManagerFactoryBean : Initialized JPA EntityManagerFactory for persistence unit 'default'
2022-04-05 02:16:02.378  INFO 22200 --- [main] o.h.h.i.QueryTranslatorFactoryInitiator  : HHH000397: Using ASTQueryTranslatorFactory
2022-04-05 02:16:04.401  INFO 22200 --- [main] o.s.s.concurrent.ThreadPoolTaskExecutor  : Initializing ExecutorService 'applicationTaskExecutor'
2022-04-05 02:16:04.543  WARN 22200 --- [main] aWebConfiguration$JpaWebMvcConfiguration : spring.jpa.open-in-view is enabled by default. Therefore, database queries may be performed during view rendering. Explicitly configure spring.jpa.open-in-view to disable this warning
2022-04-05 02:16:05.471  INFO 22200 --- [main] tn.esprit.spring.EmployeTest             : Started EmployeTest in 10.47 seconds (JVM running for 12.056)
2022-04-05 02:16:06.095  INFO 22200 --- [Thread-2] o.s.s.concurrent.ThreadPoolTaskExecutor  : Shutting down ExecutorService 'applicationTaskExecutor'
2022-04-05 02:16:06.100  INFO 22200 --- [Thread-2] j.LocalContainerEntityManagerFactoryBean : Closing JPA EntityManagerFactory for persistence unit 'default'
2022-04-05 02:16:06.105  INFO 22200 --- [Thread-2] com.zaxxer.hikari.HikariDataSource       : HikariPool-1 - Shutdown initiated...
2022-04-05 02:16:06.122  INFO 22200 --- [Thread-2] com.zaxxer.hikari.HikariDataSource       : HikariPool-1 - Shutdown completed.
2022-04-05 02:21:01.130  INFO 30084 --- [main] tn.esprit.spring.EmployeTest             : Starting EmployeTest on LAPTOP-1HKPJ135 with PID 30084 (started by ghaith khiari in C:\Users\21629\Documents\workspace-sts-3.8.4.RELEASE\DEVOPS\devOps\Timesheet-spring-boot-core-data-jpa-mvc-REST-1)
2022-04-05 02:21:01.174  INFO 30084 --- [main] tn.esprit.spring.EmployeTest             : No active profile set, falling back to default profiles: default
2022-04-05 02:21:16.373  INFO 34472 --- [main] tn.esprit.spring.EmployeTest             : Starting EmployeTest on LAPTOP-1HKPJ135 with PID 34472 (started by ghaith khiari in C:\Users\21629\Documents\workspace-sts-3.8.4.RELEASE\DEVOPS\devOps\Timesheet-spring-boot-core-data-jpa-mvc-REST-1)
2022-04-05 02:21:16.388  INFO 34472 --- [main] tn.esprit.spring.EmployeTest             : No active profile set, falling back to default profiles: default
2022-04-05 02:21:17.383  INFO 30084 --- [main] .s.d.r.c.RepositoryConfigurationDelegate : Bootstrapping Spring Data repositories in DEFAULT mode.
2022-04-05 02:21:19.167  INFO 30084 --- [main] .s.d.r.c.RepositoryConfigurationDelegate : Finished Spring Data repository scanning in 1658ms. Found 6 repository interfaces.
2022-04-05 02:21:27.545  INFO 30084 --- [main] trationDelegate$BeanPostProcessorChecker : Bean 'org.springframework.transaction.annotation.ProxyTransactionManagementConfiguration' of type [org.springframework.transaction.annotation.ProxyTransactionManagementConfiguration$$EnhancerBySpringCGLIB$$ce67fe8d] is not eligible for getting processed by all BeanPostProcessors (for example: not eligible for auto-proxying)
2022-04-05 02:21:28.035  INFO 34472 --- [main] .s.d.r.c.RepositoryConfigurationDelegate : Bootstrapping Spring Data repositories in DEFAULT mode.
2022-04-05 02:21:29.647  INFO 34472 --- [main] .s.d.r.c.RepositoryConfigurationDelegate : Finished Spring Data repository scanning in 1504ms. Found 6 repository interfaces.
2022-04-05 02:21:31.263  INFO 30084 --- [main] com.zaxxer.hikari.HikariDataSource       : HikariPool-1 - Starting...
2022-04-05 02:21:33.855  INFO 30084 --- [main] com.zaxxer.hikari.HikariDataSource       : HikariPool-1 - Start completed.
2022-04-05 02:21:34.826  INFO 30084 --- [main] o.hibernate.jpa.internal.util.LogHelper  : HHH000204: Processing PersistenceUnitInfo [
	name: default
	...]
2022-04-05 02:21:35.159  INFO 34472 --- [main] trationDelegate$BeanPostProcessorChecker : Bean 'org.springframework.transaction.annotation.ProxyTransactionManagementConfiguration' of type [org.springframework.transaction.annotation.ProxyTransactionManagementConfiguration$$EnhancerBySpringCGLIB$$d730b2ee] is not eligible for getting processed by all BeanPostProcessors (for example: not eligible for auto-proxying)
2022-04-05 02:21:35.999  INFO 30084 --- [main] org.hibernate.Version                    : HHH000412: Hibernate Core {5.3.9.Final}
2022-04-05 02:21:36.031  INFO 30084 --- [main] org.hibernate.cfg.Environment            : HHH000206: hibernate.properties not found
2022-04-05 02:21:38.591  INFO 34472 --- [main] com.zaxxer.hikari.HikariDataSource       : HikariPool-1 - Starting...
2022-04-05 02:21:38.836  INFO 30084 --- [main] o.hibernate.annotations.common.Version   : HCANN000001: Hibernate Commons Annotations {5.0.4.Final}
2022-04-05 02:21:41.354  INFO 34472 --- [main] com.zaxxer.hikari.HikariDataSource       : HikariPool-1 - Start completed.
2022-04-05 02:21:42.335  INFO 34472 --- [main] o.hibernate.jpa.internal.util.LogHelper  : HHH000204: Processing PersistenceUnitInfo [
	name: default
	...]
2022-04-05 02:21:43.359  INFO 34472 --- [main] org.hibernate.Version                    : HHH000412: Hibernate Core {5.3.9.Final}
2022-04-05 02:21:43.381  INFO 34472 --- [main] org.hibernate.cfg.Environment            : HHH000206: hibernate.properties not found
2022-04-05 02:21:43.754  INFO 30084 --- [main] org.hibernate.dialect.Dialect            : HHH000400: Using dialect: org.hibernate.dialect.MySQL5Dialect
2022-04-05 02:21:46.997  INFO 34472 --- [main] o.hibernate.annotations.common.Version   : HCANN000001: Hibernate Commons Annotations {5.0.4.Final}
2022-04-05 02:21:51.748  INFO 34472 --- [main] org.hibernate.dialect.Dialect            : HHH000400: Using dialect: org.hibernate.dialect.MySQL5Dialect
2022-04-05 02:22:00.287  INFO 30084 --- [main] j.LocalContainerEntityManagerFactoryBean : Initialized JPA EntityManagerFactory for persistence unit 'default'
2022-04-05 02:22:01.318  INFO 30084 --- [main] o.h.h.i.QueryTranslatorFactoryInitiator  : HHH000397: Using ASTQueryTranslatorFactory
2022-04-05 02:22:01.956  INFO 34472 --- [main] j.LocalContainerEntityManagerFactoryBean : Initialized JPA EntityManagerFactory for persistence unit 'default'
2022-04-05 02:22:03.551  INFO 34472 --- [main] o.h.h.i.QueryTranslatorFactoryInitiator  : HHH000397: Using ASTQueryTranslatorFactory
2022-04-05 02:22:06.339  INFO 30084 --- [main] o.s.s.concurrent.ThreadPoolTaskExecutor  : Initializing ExecutorService 'applicationTaskExecutor'
2022-04-05 02:22:06.734  WARN 30084 --- [main] aWebConfiguration$JpaWebMvcConfiguration : spring.jpa.open-in-view is enabled by default. Therefore, database queries may be performed during view rendering. Explicitly configure spring.jpa.open-in-view to disable this warning
2022-04-05 02:22:07.897  INFO 34472 --- [main] o.s.s.concurrent.ThreadPoolTaskExecutor  : Initializing ExecutorService 'applicationTaskExecutor'
2022-04-05 02:22:08.249  WARN 34472 --- [main] aWebConfiguration$JpaWebMvcConfiguration : spring.jpa.open-in-view is enabled by default. Therefore, database queries may be performed during view rendering. Explicitly configure spring.jpa.open-in-view to disable this warning
2022-04-05 02:22:08.292  INFO 30084 --- [main] tn.esprit.spring.EmployeTest             : Started EmployeTest in 72.666 seconds (JVM running for 87.342)
2022-04-05 02:22:10.073  INFO 30084 --- [Thread-2] o.s.s.concurrent.ThreadPoolTaskExecutor  : Shutting down ExecutorService 'applicationTaskExecutor'
2022-04-05 02:22:10.084  INFO 30084 --- [Thread-2] j.LocalContainerEntityManagerFactoryBean : Closing JPA EntityManagerFactory for persistence unit 'default'
2022-04-05 02:22:10.094  INFO 30084 --- [Thread-2] com.zaxxer.hikari.HikariDataSource       : HikariPool-1 - Shutdown initiated...
2022-04-05 02:22:10.132  INFO 30084 --- [Thread-2] com.zaxxer.hikari.HikariDataSource       : HikariPool-1 - Shutdown completed.
2022-04-05 02:22:10.361  INFO 34472 --- [main] tn.esprit.spring.EmployeTest             : Started EmployeTest in 61.064 seconds (JVM running for 80.1)
2022-04-05 02:22:11.113  INFO 34472 --- [Thread-2] o.s.s.concurrent.ThreadPoolTaskExecutor  : Shutting down ExecutorService 'applicationTaskExecutor'
2022-04-05 02:22:11.113  INFO 34472 --- [Thread-2] j.LocalContainerEntityManagerFactoryBean : Closing JPA EntityManagerFactory for persistence unit 'default'
2022-04-05 02:22:11.124  INFO 34472 --- [Thread-2] com.zaxxer.hikari.HikariDataSource       : HikariPool-1 - Shutdown initiated...
2022-04-05 02:22:11.135  INFO 34472 --- [Thread-2] com.zaxxer.hikari.HikariDataSource       : HikariPool-1 - Shutdown completed.
2022-04-05 02:23:02.548  INFO 32740 --- [main] tn.esprit.spring.EmployeTest             : Starting EmployeTest on LAPTOP-1HKPJ135 with PID 32740 (started by ghaith khiari in C:\Users\21629\Documents\workspace-sts-3.8.4.RELEASE\DEVOPS\devOps\Timesheet-spring-boot-core-data-jpa-mvc-REST-1)
2022-04-05 02:23:02.559  INFO 32740 --- [main] tn.esprit.spring.EmployeTest             : No active profile set, falling back to default profiles: default
2022-04-05 02:23:03.721  INFO 32740 --- [main] .s.d.r.c.RepositoryConfigurationDelegate : Bootstrapping Spring Data repositories in DEFAULT mode.
2022-04-05 02:23:03.966  INFO 32740 --- [main] .s.d.r.c.RepositoryConfigurationDelegate : Finished Spring Data repository scanning in 219ms. Found 6 repository interfaces.
2022-04-05 02:23:04.697  INFO 32740 --- [main] trationDelegate$BeanPostProcessorChecker : Bean 'org.springframework.transaction.annotation.ProxyTransactionManagementConfiguration' of type [org.springframework.transaction.annotation.ProxyTransactionManagementConfiguration$$EnhancerBySpringCGLIB$$910aab99] is not eligible for getting processed by all BeanPostProcessors (for example: not eligible for auto-proxying)
2022-04-05 02:23:05.081  INFO 32740 --- [main] com.zaxxer.hikari.HikariDataSource       : HikariPool-1 - Starting...
2022-04-05 02:23:05.412  INFO 32740 --- [main] com.zaxxer.hikari.HikariDataSource       : HikariPool-1 - Start completed.
2022-04-05 02:23:05.546  INFO 32740 --- [main] o.hibernate.jpa.internal.util.LogHelper  : HHH000204: Processing PersistenceUnitInfo [
	name: default
	...]
2022-04-05 02:23:05.716  INFO 32740 --- [main] org.hibernate.Version                    : HHH000412: Hibernate Core {5.3.9.Final}
2022-04-05 02:23:05.727  INFO 32740 --- [main] org.hibernate.cfg.Environment            : HHH000206: hibernate.properties not found
2022-04-05 02:23:06.047  INFO 32740 --- [main] o.hibernate.annotations.common.Version   : HCANN000001: Hibernate Commons Annotations {5.0.4.Final}
2022-04-05 02:23:06.655  INFO 32740 --- [main] org.hibernate.dialect.Dialect            : HHH000400: Using dialect: org.hibernate.dialect.MySQL5Dialect
2022-04-05 02:23:08.788  INFO 32740 --- [main] j.LocalContainerEntityManagerFactoryBean : Initialized JPA EntityManagerFactory for persistence unit 'default'
2022-04-05 02:23:09.460  INFO 32740 --- [main] o.h.h.i.QueryTranslatorFactoryInitiator  : HHH000397: Using ASTQueryTranslatorFactory
2022-04-05 02:23:11.561  INFO 32740 --- [main] o.s.s.concurrent.ThreadPoolTaskExecutor  : Initializing ExecutorService 'applicationTaskExecutor'
2022-04-05 02:23:11.711  WARN 32740 --- [main] aWebConfiguration$JpaWebMvcConfiguration : spring.jpa.open-in-view is enabled by default. Therefore, database queries may be performed during view rendering. Explicitly configure spring.jpa.open-in-view to disable this warning
2022-04-05 02:23:12.607  INFO 32740 --- [main] tn.esprit.spring.EmployeTest             : Started EmployeTest in 10.507 seconds (JVM running for 12.051)
2022-04-05 02:23:13.279  INFO 32740 --- [Thread-2] o.s.s.concurrent.ThreadPoolTaskExecutor  : Shutting down ExecutorService 'applicationTaskExecutor'
2022-04-05 02:23:13.289  INFO 32740 --- [Thread-2] j.LocalContainerEntityManagerFactoryBean : Closing JPA EntityManagerFactory for persistence unit 'default'
2022-04-05 02:23:13.289  INFO 32740 --- [Thread-2] com.zaxxer.hikari.HikariDataSource       : HikariPool-1 - Shutdown initiated...
2022-04-05 02:23:13.300  INFO 32740 --- [Thread-2] com.zaxxer.hikari.HikariDataSource       : HikariPool-1 - Shutdown completed.
2022-04-05 02:29:10.196  INFO 10936 --- [main] SpringBootCoreDataJpaMvcRest1Application : Starting TimesheetSpringBootCoreDataJpaMvcRest1Application on LAPTOP-1HKPJ135 with PID 10936 (C:\Users\21629\Documents\workspace-sts-3.8.4.RELEASE\DEVOPS\devOps\Timesheet-spring-boot-core-data-jpa-mvc-REST-1\target\classes started by ghaith khiari in C:\Users\21629\Documents\workspace-sts-3.8.4.RELEASE\DEVOPS\devOps\Timesheet-spring-boot-core-data-jpa-mvc-REST-1)
2022-04-05 02:29:10.275  INFO 10936 --- [main] SpringBootCoreDataJpaMvcRest1Application : No active profile set, falling back to default profiles: default
2022-04-05 02:29:13.245  INFO 10936 --- [main] .s.d.r.c.RepositoryConfigurationDelegate : Bootstrapping Spring Data repositories in DEFAULT mode.
2022-04-05 02:29:13.475  INFO 10936 --- [main] .s.d.r.c.RepositoryConfigurationDelegate : Finished Spring Data repository scanning in 197ms. Found 6 repository interfaces.
2022-04-05 02:29:14.228  INFO 10936 --- [main] trationDelegate$BeanPostProcessorChecker : Bean 'org.springframework.transaction.annotation.ProxyTransactionManagementConfiguration' of type [org.springframework.transaction.annotation.ProxyTransactionManagementConfiguration$$EnhancerBySpringCGLIB$$e1371cb] is not eligible for getting processed by all BeanPostProcessors (for example: not eligible for auto-proxying)
2022-04-05 02:29:15.203  INFO 10936 --- [main] o.s.b.w.embedded.tomcat.TomcatWebServer  : Tomcat initialized with port(s): 8081 (http)
2022-04-05 02:29:15.262  INFO 10936 --- [main] o.apache.catalina.core.StandardService   : Starting service [Tomcat]
2022-04-05 02:29:15.262  INFO 10936 --- [main] org.apache.catalina.core.StandardEngine  : Starting Servlet engine: [Apache Tomcat/9.0.17]
2022-04-05 02:29:15.667  INFO 10936 --- [main] o.a.c.c.C.[.[localhost].[/SpringMVC]     : Initializing Spring embedded WebApplicationContext
2022-04-05 02:29:15.667  INFO 10936 --- [main] o.s.web.context.ContextLoader            : Root WebApplicationContext: initialization completed in 4437 ms
2022-04-05 02:29:16.094  INFO 10936 --- [main] com.zaxxer.hikari.HikariDataSource       : HikariPool-1 - Starting...
2022-04-05 02:29:16.491  INFO 10936 --- [main] com.zaxxer.hikari.HikariDataSource       : HikariPool-1 - Start completed.
2022-04-05 02:29:16.628  INFO 10936 --- [main] o.hibernate.jpa.internal.util.LogHelper  : HHH000204: Processing PersistenceUnitInfo [
	name: default
	...]
2022-04-05 02:29:16.788  INFO 10936 --- [main] org.hibernate.Version                    : HHH000412: Hibernate Core {5.3.9.Final}
2022-04-05 02:29:16.788  INFO 10936 --- [main] org.hibernate.cfg.Environment            : HHH000206: hibernate.properties not found
2022-04-05 02:29:17.097  INFO 10936 --- [main] o.hibernate.annotations.common.Version   : HCANN000001: Hibernate Commons Annotations {5.0.4.Final}
2022-04-05 02:29:17.427  INFO 10936 --- [main] org.hibernate.dialect.Dialect            : HHH000400: Using dialect: org.hibernate.dialect.MySQL5Dialect
2022-04-05 02:29:19.390  INFO 10936 --- [main] j.LocalContainerEntityManagerFactoryBean : Initialized JPA EntityManagerFactory for persistence unit 'default'
2022-04-05 02:29:20.009  INFO 10936 --- [main] o.h.h.i.QueryTranslatorFactoryInitiator  : HHH000397: Using ASTQueryTranslatorFactory
2022-04-05 02:29:21.086  INFO 10936 --- [main] o.s.s.concurrent.ThreadPoolTaskExecutor  : Initializing ExecutorService 'applicationTaskExecutor'
2022-04-05 02:29:21.182  WARN 10936 --- [main] aWebConfiguration$JpaWebMvcConfiguration : spring.jpa.open-in-view is enabled by default. Therefore, database queries may be performed during view rendering. Explicitly configure spring.jpa.open-in-view to disable this warning
2022-04-05 02:29:21.598  INFO 10936 --- [main] o.s.b.w.embedded.tomcat.TomcatWebServer  : Tomcat started on port(s): 8081 (http) with context path '/SpringMVC'
2022-04-05 02:29:21.603  INFO 10936 --- [main] SpringBootCoreDataJpaMvcRest1Application : Started TimesheetSpringBootCoreDataJpaMvcRest1Application in 19.216 seconds (JVM running for 27.83)
2022-04-05 02:29:33.950  INFO 10936 --- [http-nio-8081-exec-1] o.a.c.c.C.[.[localhost].[/SpringMVC]     : Initializing Spring DispatcherServlet 'dispatcherServlet'
2022-04-05 02:29:33.959  INFO 10936 --- [http-nio-8081-exec-1] o.s.web.servlet.DispatcherServlet        : Initializing Servlet 'dispatcherServlet'
2022-04-05 02:29:33.987  INFO 10936 --- [http-nio-8081-exec-1] o.s.web.servlet.DispatcherServlet        : Completed initialization in 28 ms
2022-04-05 02:36:05.918  INFO 10936 --- [RMI TCP Connection(2)-127.0.0.1] inMXBeanRegistrar$SpringApplicationAdmin : Application shutdown requested.
2022-04-05 02:36:06.113  INFO 10936 --- [RMI TCP Connection(2)-127.0.0.1] o.s.s.concurrent.ThreadPoolTaskExecutor  : Shutting down ExecutorService 'applicationTaskExecutor'
2022-04-05 02:36:06.318  INFO 10936 --- [RMI TCP Connection(2)-127.0.0.1] j.LocalContainerEntityManagerFactoryBean : Closing JPA EntityManagerFactory for persistence unit 'default'
2022-04-05 02:36:06.462  INFO 10936 --- [RMI TCP Connection(2)-127.0.0.1] com.zaxxer.hikari.HikariDataSource       : HikariPool-1 - Shutdown initiated...
2022-04-05 02:36:07.651  INFO 10936 --- [RMI TCP Connection(2)-127.0.0.1] com.zaxxer.hikari.HikariDataSource       : HikariPool-1 - Shutdown completed.
2022-04-05 02:42:10.600  INFO 34236 --- [main] SpringBootCoreDataJpaMvcRest1Application : Starting TimesheetSpringBootCoreDataJpaMvcRest1Application on LAPTOP-1HKPJ135 with PID 34236 (C:\Users\21629\Documents\workspace-sts-3.8.4.RELEASE\DEVOPS\devOps\Timesheet-spring-boot-core-data-jpa-mvc-REST-1\target\classes started by ghaith khiari in C:\Users\21629\Documents\workspace-sts-3.8.4.RELEASE\DEVOPS\devOps\Timesheet-spring-boot-core-data-jpa-mvc-REST-1)
2022-04-05 02:42:10.605  INFO 34236 --- [main] SpringBootCoreDataJpaMvcRest1Application : No active profile set, falling back to default profiles: default
2022-04-05 02:42:11.853  INFO 34236 --- [main] .s.d.r.c.RepositoryConfigurationDelegate : Bootstrapping Spring Data repositories in DEFAULT mode.
2022-04-05 02:42:12.056  INFO 34236 --- [main] .s.d.r.c.RepositoryConfigurationDelegate : Finished Spring Data repository scanning in 187ms. Found 6 repository interfaces.
2022-04-05 02:42:12.701  INFO 34236 --- [main] trationDelegate$BeanPostProcessorChecker : Bean 'org.springframework.transaction.annotation.ProxyTransactionManagementConfiguration' of type [org.springframework.transaction.annotation.ProxyTransactionManagementConfiguration$$EnhancerBySpringCGLIB$$35d0a371] is not eligible for getting processed by all BeanPostProcessors (for example: not eligible for auto-proxying)
2022-04-05 02:42:13.363  INFO 34236 --- [main] o.s.b.w.embedded.tomcat.TomcatWebServer  : Tomcat initialized with port(s): 8081 (http)
2022-04-05 02:42:13.405  INFO 34236 --- [main] o.apache.catalina.core.StandardService   : Starting service [Tomcat]
2022-04-05 02:42:13.405  INFO 34236 --- [main] org.apache.catalina.core.StandardEngine  : Starting Servlet engine: [Apache Tomcat/9.0.17]
2022-04-05 02:42:13.693  INFO 34236 --- [main] o.a.c.c.C.[.[localhost].[/SpringMVC]     : Initializing Spring embedded WebApplicationContext
2022-04-05 02:42:13.693  INFO 34236 --- [main] o.s.web.context.ContextLoader            : Root WebApplicationContext: initialization completed in 3008 ms
2022-04-05 02:42:14.003  INFO 34236 --- [main] com.zaxxer.hikari.HikariDataSource       : HikariPool-1 - Starting...
2022-04-05 02:42:14.269  INFO 34236 --- [main] com.zaxxer.hikari.HikariDataSource       : HikariPool-1 - Start completed.
2022-04-05 02:42:14.365  INFO 34236 --- [main] o.hibernate.jpa.internal.util.LogHelper  : HHH000204: Processing PersistenceUnitInfo [
	name: default
	...]
2022-04-05 02:42:14.483  INFO 34236 --- [main] org.hibernate.Version                    : HHH000412: Hibernate Core {5.3.9.Final}
2022-04-05 02:42:14.483  INFO 34236 --- [main] org.hibernate.cfg.Environment            : HHH000206: hibernate.properties not found
2022-04-05 02:42:14.749  INFO 34236 --- [main] o.hibernate.annotations.common.Version   : HCANN000001: Hibernate Commons Annotations {5.0.4.Final}
2022-04-05 02:42:15.101  INFO 34236 --- [main] org.hibernate.dialect.Dialect            : HHH000400: Using dialect: org.hibernate.dialect.MySQL5Dialect
2022-04-05 02:42:17.192  INFO 34236 --- [main] j.LocalContainerEntityManagerFactoryBean : Initialized JPA EntityManagerFactory for persistence unit 'default'
2022-04-05 02:42:17.896  INFO 34236 --- [main] o.h.h.i.QueryTranslatorFactoryInitiator  : HHH000397: Using ASTQueryTranslatorFactory
2022-04-05 02:42:19.064  INFO 34236 --- [main] o.s.s.concurrent.ThreadPoolTaskExecutor  : Initializing ExecutorService 'applicationTaskExecutor'
2022-04-05 02:42:19.170  WARN 34236 --- [main] aWebConfiguration$JpaWebMvcConfiguration : spring.jpa.open-in-view is enabled by default. Therefore, database queries may be performed during view rendering. Explicitly configure spring.jpa.open-in-view to disable this warning
2022-04-05 02:42:19.810  INFO 34236 --- [main] o.s.b.w.embedded.tomcat.TomcatWebServer  : Tomcat started on port(s): 8081 (http) with context path '/SpringMVC'
2022-04-05 02:42:19.810  INFO 34236 --- [main] SpringBootCoreDataJpaMvcRest1Application : Started TimesheetSpringBootCoreDataJpaMvcRest1Application in 9.882 seconds (JVM running for 11.166)
2022-04-05 02:42:32.211  INFO 34236 --- [http-nio-8081-exec-2] o.a.c.c.C.[.[localhost].[/SpringMVC]     : Initializing Spring DispatcherServlet 'dispatcherServlet'
2022-04-05 02:42:32.215  INFO 34236 --- [http-nio-8081-exec-2] o.s.web.servlet.DispatcherServlet        : Initializing Servlet 'dispatcherServlet'
2022-04-05 02:42:32.229  INFO 34236 --- [http-nio-8081-exec-2] o.s.web.servlet.DispatcherServlet        : Completed initialization in 14 ms
2022-04-05 02:42:32.465  INFO 34236 --- [http-nio-8081-exec-2] t.e.spring.services.EmployeServiceImpl   : Dans ajouterEmploye() : 
2022-04-05 02:42:32.621  INFO 34236 --- [http-nio-8081-exec-2] t.e.spring.services.EmployeServiceImpl   : Sortie de ajouterEmploy sans erreurs
2022-04-05 02:43:51.558  WARN 34236 --- [http-nio-8081-exec-6] .w.s.m.s.DefaultHandlerExceptionResolver : Resolved [org.springframework.http.converter.HttpMessageNotReadableException: JSON parse error: Unexpected character (',' (code 44)): expected a value; nested exception is com.fasterxml.jackson.core.JsonParseException: Unexpected character (',' (code 44)): expected a value
 at [Source: (PushbackInputStream); line: 1, column: 8]]
2022-04-05 02:44:10.225  INFO 34236 --- [http-nio-8081-exec-4] t.e.spring.services.EmployeServiceImpl   : Dans ajouterEmploye() : 
2022-04-05 02:44:10.238  INFO 34236 --- [http-nio-8081-exec-4] t.e.spring.services.EmployeServiceImpl   : Sortie de ajouterEmploy sans erreurs
2022-04-05 02:48:46.555  INFO 34236 --- [http-nio-8081-exec-8] t.e.spring.services.EmployeServiceImpl   : Dans affecterEmployeADepartement() : 
2022-04-05 02:53:31.426  INFO 34236 --- [RMI TCP Connection(2)-127.0.0.1] inMXBeanRegistrar$SpringApplicationAdmin : Application shutdown requested.
2022-04-05 02:53:31.447  INFO 34236 --- [RMI TCP Connection(2)-127.0.0.1] o.s.s.concurrent.ThreadPoolTaskExecutor  : Shutting down ExecutorService 'applicationTaskExecutor'
2022-04-05 02:53:31.462  INFO 34236 --- [RMI TCP Connection(2)-127.0.0.1] j.LocalContainerEntityManagerFactoryBean : Closing JPA EntityManagerFactory for persistence unit 'default'
2022-04-05 02:53:31.493  INFO 34236 --- [RMI TCP Connection(2)-127.0.0.1] com.zaxxer.hikari.HikariDataSource       : HikariPool-1 - Shutdown initiated...
2022-04-05 02:53:31.540  INFO 34236 --- [RMI TCP Connection(2)-127.0.0.1] com.zaxxer.hikari.HikariDataSource       : HikariPool-1 - Shutdown completed.
